<?xml version="1.0" encoding="UTF-8"?>
<!-- Generated by org.testng.reporters.JUnitReportReporter -->
<testsuite skipped="0" hostname="LAPTOP-A0ANDTPU" name="tests.b2c.Login" tests="1" failures="0" timestamp="2022-02-08T09:35:01 CET" time="15.667" errors="0">
  <testcase name="login" time="15.667" classname="tests.b2c.Login"/>
  <system-out/>
</testsuite> <!-- tests.b2c.Login -->
