<?xml version="1.0" encoding="UTF-8"?>
<!-- Generated by org.testng.reporters.JUnitReportReporter -->
<testsuite hostname="LAPTOP-KLVTIEUG" failures="0" tests="1" name="tests.b2c.Login" time="17.731" errors="0" timestamp="2022-02-08T10:38:22 CET" skipped="0">
  <testcase classname="tests.b2c.Login" name="login" time="17.731"/>
  <system-out/>
</testsuite> <!-- tests.b2c.Login -->
