<?xml version="1.0" encoding="UTF-8"?>
<!-- Generated by org.testng.reporters.JUnitReportReporter -->
<testsuite hostname="LAPTOP-A0ANDTPU" failures="0" tests="1" name="tests.b2c.CreateUser" time="46.024" errors="0" timestamp="2022-02-10T15:10:25 CET" skipped="0">
  <testcase classname="tests.b2c.CreateUser" name="createUser" time="46.024"/>
  <system-out/>
</testsuite> <!-- tests.b2c.CreateUser -->
