<?xml version="1.0" encoding="UTF-8"?>
<!-- Generated by org.testng.reporters.JUnitReportReporter -->
<testsuite hostname="LAPTOP-KLVTIEUG" failures="0" tests="1" name="tests.b2c.CreateUser" time="26.782" errors="0" timestamp="2022-02-09T22:50:28 CET" skipped="0">
  <testcase classname="tests.b2c.CreateUser" name="createUser" time="26.782"/>
  <system-out/>
</testsuite> <!-- tests.b2c.CreateUser -->
