<?xml version="1.0" encoding="UTF-8"?>
<!-- Generated by org.testng.reporters.JUnitReportReporter -->
<testsuite skipped="0" hostname="LAPTOP-A0ANDTPU" name="tests.b2c.Login" tests="1" failures="0" timestamp="2022-02-07T11:33:33 CET" time="10.467" errors="0">
  <testcase name="login" time="10.467" classname="tests.b2c.Login"/>
  <system-out/>
</testsuite> <!-- tests.b2c.Login -->
